# JRE version: Java(TM) SE Runtime Environment (8.0_112-b15) (build 1.8.0_112-b15)
# Java VM: Java HotSpot(TM) 64-Bit Server VM (25.112-b15 mixed mode windows-amd64 compressed oops)
Heap:
 PSYoungGen      total 484352K, used 2519K [0x00000000e0000000, 0x00000000ffc80000, 0x0000000100000000)
  eden space 449024K, 0% used [0x00000000e0000000,0x00000000e0000000,0x00000000fb680000)
  from space 35328K, 7% used [0x00000000fb680000,0x00000000fb8f5ce8,0x00000000fd900000)
  to   space 35840K, 0% used [0x00000000fd980000,0x00000000fd980000,0x00000000ffc80000)
 ParOldGen       total 161280K, used 76050K [0x00000000a0000000, 0x00000000a9d80000, 0x00000000e0000000)
  object space 161280K, 47% used [0x00000000a0000000,0x00000000a4a44ae0,0x00000000a9d80000)
 Metaspace       used 56672K, capacity 57738K, committed 57984K, reserved 1099776K
  class space    used 6526K, capacity 6763K, committed 6784K, reserved 1048576K
GC Heap History (10 events):
Event: 15.262 GC heap after
Heap after GC invocations=15 (full 3):
 PSYoungGen      total 427008K, used 24570K [0x00000000e0000000, 0x0000000100000000, 0x0000000100000000)
  eden space 402432K, 0% used [0x00000000e0000000,0x00000000e0000000,0x00000000f8900000)
  from space 24576K, 99% used [0x00000000fae80000,0x00000000fc67ebd8,0x00000000fc680000)
  to   space 38400K, 0% used [0x00000000f8900000,0x00000000f8900000,0x00000000fae80000)
 ParOldGen       total 91136K, used 50328K [0x00000000a0000000, 0x00000000a5900000, 0x00000000e0000000)
  object space 91136K, 55% used [0x00000000a0000000,0x00000000a3126208,0x00000000a5900000)
 Metaspace       used 46840K, capacity 47582K, committed 48000K, reserved 1091584K
  class space    used 5776K, capacity 5925K, committed 6016K, reserved 1048576K
}
Event: 19.571 GC heap before
{Heap before GC invocations=16 (full 3):
 PSYoungGen      total 427008K, used 427002K [0x00000000e0000000, 0x0000000100000000, 0x0000000100000000)
  eden space 402432K, 100% used [0x00000000e0000000,0x00000000f8900000,0x00000000f8900000)
  from space 24576K, 99% used [0x00000000fae80000,0x00000000fc67ebd8,0x00000000fc680000)
  to   space 38400K, 0% used [0x00000000f8900000,0x00000000f8900000,0x00000000fae80000)
 ParOldGen       total 91136K, used 50328K [0x00000000a0000000, 0x00000000a5900000, 0x00000000e0000000)
  object space 91136K, 55% used [0x00000000a0000000,0x00000000a3126208,0x00000000a5900000)
 Metaspace       used 48646K, capacity 49670K, committed 49920K, reserved 1093632K
  class space    used 5901K, capacity 6111K, committed 6144K, reserved 1048576K
Event: 19.684 GC heap after
Heap after GC invocations=16 (full 3):
 PSYoungGen      total 440832K, used 17928K [0x00000000e0000000, 0x0000000100000000, 0x0000000100000000)
  eden space 402432K, 0% used [0x00000000e0000000,0x00000000e0000000,0x00000000f8900000)
  from space 38400K, 46% used [0x00000000f8900000,0x00000000f9a82188,0x00000000fae80000)
  to   space 36864K, 0% used [0x00000000fdc00000,0x00000000fdc00000,0x0000000100000000)
 ParOldGen       total 91136K, used 68884K [0x00000000a0000000, 0x00000000a5900000, 0x00000000e0000000)
  object space 91136K, 75% used [0x00000000a0000000,0x00000000a4345080,0x00000000a5900000)
 Metaspace       used 48646K, capacity 49670K, committed 49920K, reserved 1093632K
  class space    used 5901K, capacity 6111K, committed 6144K, reserved 1048576K
}
Event: 19.684 GC heap before
{Heap before GC invocations=17 (full 4):
 PSYoungGen      total 440832K, used 17928K [0x00000000e0000000, 0x0000000100000000, 0x0000000100000000)
  eden space 402432K, 0% used [0x00000000e0000000,0x00000000e0000000,0x00000000f8900000)
  from space 38400K, 46% used [0x00000000f8900000,0x00000000f9a82188,0x00000000fae80000)
  to   space 36864K, 0% used [0x00000000fdc00000,0x00000000fdc00000,0x0000000100000000)
 ParOldGen       total 91136K, used 68884K [0x00000000a0000000, 0x00000000a5900000, 0x00000000e0000000)
  object space 91136K, 75% used [0x00000000a0000000,0x00000000a4345080,0x00000000a5900000)
 Metaspace       used 48646K, capacity 49670K, committed 49920K, reserved 1093632K
  class space    used 5901K, capacity 6111K, committed 6144K, reserved 1048576K
Event: 20.198 GC heap after
Heap after GC invocations=17 (full 4):
 PSYoungGen      total 440832K, used 0K [0x00000000e0000000, 0x0000000100000000, 0x0000000100000000)
  eden space 402432K, 0% used [0x00000000e0000000,0x00000000e0000000,0x00000000f8900000)
  from space 38400K, 0% used [0x00000000f8900000,0x00000000f8900000,0x00000000fae80000)
  to   space 36864K, 0% used [0x00000000fdc00000,0x00000000fdc00000,0x0000000100000000)
 ParOldGen       total 161280K, used 71036K [0x00000000a0000000, 0x00000000a9d80000, 0x00000000e0000000)
  object space 161280K, 44% used [0x00000000a0000000,0x00000000a455f270,0x00000000a9d80000)
 Metaspace       used 48646K, capacity 49670K, committed 49920K, reserved 1093632K
  class space    used 5901K, capacity 6111K, committed 6144K, reserved 1048576K
}
Event: 27.694 GC heap before
{Heap before GC invocations=18 (full 4):
 PSYoungGen      total 440832K, used 402432K [0x00000000e0000000, 0x0000000100000000, 0x0000000100000000)
  eden space 402432K, 100% used [0x00000000e0000000,0x00000000f8900000,0x00000000f8900000)
  from space 38400K, 0% used [0x00000000f8900000,0x00000000f8900000,0x00000000fae80000)
  to   space 36864K, 0% used [0x00000000fdc00000,0x00000000fdc00000,0x0000000100000000)
 ParOldGen       total 161280K, used 71036K [0x00000000a0000000, 0x00000000a9d80000, 0x00000000e0000000)
  object space 161280K, 44% used [0x00000000a0000000,0x00000000a455f270,0x00000000a9d80000)
 Metaspace       used 56114K, capacity 57152K, committed 57216K, reserved 1099776K
  class space    used 6483K, capacity 6724K, committed 6784K, reserved 1048576K
Event: 27.734 GC heap after
Heap after GC invocations=18 (full 4):
 PSYoungGen      total 481280K, used 12005K [0x00000000e0000000, 0x00000000ffb80000, 0x0000000100000000)
  eden space 449024K, 0% used [0x00000000e0000000,0x00000000e0000000,0x00000000fb680000)
  from space 32256K, 37% used [0x00000000fdc00000,0x00000000fe7b94f0,0x00000000ffb80000)
  to   space 35328K, 0% used [0x00000000fb680000,0x00000000fb680000,0x00000000fd900000)
 ParOldGen       total 161280K, used 71044K [0x00000000a0000000, 0x00000000a9d80000, 0x00000000e0000000)
  object space 161280K, 44% used [0x00000000a0000000,0x00000000a4561270,0x00000000a9d80000)
 Metaspace       used 56114K, capacity 57152K, committed 57216K, reserved 1099776K
  class space    used 6483K, capacity 6724K, committed 6784K, reserved 1048576K
}
Event: 9610.910 GC heap before
{Heap before GC invocations=19 (full 4):
 PSYoungGen      total 481280K, used 224253K [0x00000000e0000000, 0x00000000ffb80000, 0x0000000100000000)
  eden space 449024K, 47% used [0x00000000e0000000,0x00000000ecf462e0,0x00000000fb680000)
  from space 32256K, 37% used [0x00000000fdc00000,0x00000000fe7b94f0,0x00000000ffb80000)
  to   space 35328K, 0% used [0x00000000fb680000,0x00000000fb680000,0x00000000fd900000)
 ParOldGen       total 161280K, used 71044K [0x00000000a0000000, 0x00000000a9d80000, 0x00000000e0000000)
  object space 161280K, 44% used [0x00000000a0000000,0x00000000a4561270,0x00000000a9d80000)
 Metaspace       used 56672K, capacity 57738K, committed 57984K, reserved 1099776K
  class space    used 6526K, capacity 6763K, committed 6784K, reserved 1048576K
Event: 9610.944 GC heap after
Heap after GC invocations=19 (full 4):
 PSYoungGen      total 484352K, used 2519K [0x00000000e0000000, 0x00000000ffc80000, 0x0000000100000000)
  eden space 449024K, 0% used [0x00000000e0000000,0x00000000e0000000,0x00000000fb680000)
  from space 35328K, 7% used [0x00000000fb680000,0x00000000fb8f5ce8,0x00000000fd900000)
  to   space 35840K, 0% used [0x00000000fd980000,0x00000000fd980000,0x00000000ffc80000)
 ParOldGen       total 161280K, used 76050K [0x00000000a0000000, 0x00000000a9d80000, 0x00000000e0000000)
  object space 161280K, 47% used [0x00000000a0000000,0x00000000a4a44ae0,0x00000000a9d80000)
 Metaspace       used 56672K, capacity 57738K, committed 57984K, reserved 1099776K
  class space    used 6526K, capacity 6763K, committed 6784K, reserved 1048576K
}
Event: 9610.944 GC heap before
{Heap before GC invocations=20 (full 5):
 PSYoungGen      total 484352K, used 2519K [0x00000000e0000000, 0x00000000ffc80000, 0x0000000100000000)
  eden space 449024K, 0% used [0x00000000e0000000,0x00000000e0000000,0x00000000fb680000)
  from space 35328K, 7% used [0x00000000fb680000,0x00000000fb8f5ce8,0x00000000fd900000)
  to   space 35840K, 0% used [0x00000000fd980000,0x00000000fd980000,0x00000000ffc80000)
 ParOldGen       total 161280K, used 76050K [0x00000000a0000000, 0x00000000a9d80000, 0x00000000e0000000)
  object space 161280K, 47% used [0x00000000a0000000,0x00000000a4a44ae0,0x00000000a9d80000)
 Metaspace       used 56672K, capacity 57738K, committed 57984K, reserved 1099776K
  class space    used 6526K, capacity 6763K, committed 6784K, reserved 1048576K

